
*** Running vivado
    with args -log histogram_equalizer_tb.vds -m64 -product Vivado -mode batch -messageDb vivado.pb -notrace -source histogram_equalizer_tb.tcl


****** Vivado v2020.2 (64-bit)
  **** SW Build 3064766 on Wed Nov 18 09:12:47 MST 2020
  **** IP Build 3064653 on Wed Nov 18 14:17:31 MST 2020
    ** Copyright 1986-2020 Xilinx, Inc. All Rights Reserved.

source histogram_equalizer_tb.tcl -notrace
Command: synth_design -top histogram_equalizer_tb -part xczu4ev-sfvc784-1-e
Starting synth_design
Attempting to get a license for feature 'Synthesis' and/or device 'xczu4ev'
INFO: [Common 17-349] Got license for feature 'Synthesis' and/or device 'xczu4ev'
INFO: [Synth 8-7079] Multithreading enabled for synth_design using a maximum of 4 processes.
INFO: [Synth 8-7078] Launching helper process for spawning children vivado processes
INFO: [Synth 8-7075] Helper process launched with PID 100238
---------------------------------------------------------------------------------
Starting Synthesize : Time (s): cpu = 00:00:03 ; elapsed = 00:00:04 . Memory (MB): peak = 2363.031 ; gain = 0.000 ; free physical = 428 ; free virtual = 4004
---------------------------------------------------------------------------------
INFO: [Synth 8-6157] synthesizing module 'histogram_equalizer_tb' [/home/burak/Desktop/histogram_equalizer/final_hist_eqaulizer/final_hist_eqaulizer.srcs/sources_1/new/histogram_equalizer_tb.v:3]
INFO: [Synth 8-3876] $readmem data file '/home/burak/Desktop/histogram_equalizer/final_hist_eqaulizer/example.txt' is read successfully [/home/burak/Desktop/histogram_equalizer/final_hist_eqaulizer/final_hist_eqaulizer.srcs/sources_1/new/histogram_equalizer_tb.v:48]
WARNING: [Synth 8-639] system function call 'fopen' not supported [/home/burak/Desktop/histogram_equalizer/final_hist_eqaulizer/final_hist_eqaulizer.srcs/sources_1/new/histogram_equalizer_tb.v:49]
INFO: [Synth 8-6157] synthesizing module 'histogram_equalizer' [/home/burak/Desktop/histogram_equalizer/final_hist_eqaulizer/final_hist_eqaulizer.srcs/sources_1/new/histogram_equalizer.v:4]
	Parameter width bound to: 8 - type: integer 
	Parameter height bound to: 8 - type: integer 
	Parameter max_pixel_val bound to: 256 - type: integer 
INFO: [Synth 8-251] x x [/home/burak/Desktop/histogram_equalizer/final_hist_eqaulizer/final_hist_eqaulizer.srcs/sources_1/new/histogram_equalizer.v:138]
Reason is one or more of the following :
	1: RAM has multiple writes via different ports in same process. If RAM inferencing intended, write to one port per process. 
	2: Unable to determine number of words or word size in RAM. 
	3: No valid read/write found for RAM. 
RAM "gray_level_reg" dissolved into registers
INFO: [Synth 8-6155] done synthesizing module 'histogram_equalizer' (1#1) [/home/burak/Desktop/histogram_equalizer/final_hist_eqaulizer/final_hist_eqaulizer.srcs/sources_1/new/histogram_equalizer.v:4]
WARNING: [Synth 8-85] always block has no event control specified [/home/burak/Desktop/histogram_equalizer/final_hist_eqaulizer/final_hist_eqaulizer.srcs/sources_1/new/histogram_equalizer_tb.v:52]
WARNING: [Synth 8-639] system function call 'time' not supported [/home/burak/Desktop/histogram_equalizer/final_hist_eqaulizer/final_hist_eqaulizer.srcs/sources_1/new/histogram_equalizer_tb.v:85]
INFO: [Synth 8-251] Time=1'b0 ; OUT=x  [/home/burak/Desktop/histogram_equalizer/final_hist_eqaulizer/final_hist_eqaulizer.srcs/sources_1/new/histogram_equalizer_tb.v:85]
INFO: [Synth 8-6155] done synthesizing module 'histogram_equalizer_tb' (2#1) [/home/burak/Desktop/histogram_equalizer/final_hist_eqaulizer/final_hist_eqaulizer.srcs/sources_1/new/histogram_equalizer_tb.v:3]
---------------------------------------------------------------------------------
Finished Synthesize : Time (s): cpu = 00:00:06 ; elapsed = 00:00:07 . Memory (MB): peak = 2363.031 ; gain = 0.000 ; free physical = 946 ; free virtual = 3985
---------------------------------------------------------------------------------
---------------------------------------------------------------------------------
Finished Constraint Validation : Time (s): cpu = 00:00:06 ; elapsed = 00:00:08 . Memory (MB): peak = 2363.031 ; gain = 0.000 ; free physical = 967 ; free virtual = 4007
---------------------------------------------------------------------------------
---------------------------------------------------------------------------------
Start Loading Part and Timing Information
---------------------------------------------------------------------------------
Loading part: xczu4ev-sfvc784-1-e
INFO: [Synth 8-6742] Reading net delay rules and data
---------------------------------------------------------------------------------
Finished Loading Part and Timing Information : Time (s): cpu = 00:00:06 ; elapsed = 00:00:08 . Memory (MB): peak = 2370.957 ; gain = 7.926 ; free physical = 967 ; free virtual = 4006
---------------------------------------------------------------------------------
INFO: [Device 21-403] Loading part xczu4ev-sfvc784-1-e
---------------------------------------------------------------------------------
Finished RTL Optimization Phase 2 : Time (s): cpu = 00:00:19 ; elapsed = 00:00:17 . Memory (MB): peak = 2887.973 ; gain = 524.941 ; free physical = 713 ; free virtual = 3877
---------------------------------------------------------------------------------
No constraint files found.
---------------------------------------------------------------------------------
Start RTL Component Statistics 
---------------------------------------------------------------------------------
Detailed RTL Component Info : 
+---Adders : 
	   2 Input   32 Bit       Adders := 3     
	   3 Input   32 Bit       Adders := 2     
	   2 Input    8 Bit       Adders := 1     
	   2 Input    7 Bit       Adders := 1     
	   2 Input    6 Bit       Adders := 10    
+---Registers : 
	               32 Bit    Registers := 1     
	                8 Bit    Registers := 3     
	                6 Bit    Registers := 257   
	                1 Bit    Registers := 4     
+---Multipliers : 
	               8x32  Multipliers := 2     
+---Muxes : 
	   2 Input   32 Bit        Muxes := 2     
	   2 Input    8 Bit        Muxes := 31    
	   2 Input    7 Bit        Muxes := 3     
	   2 Input    6 Bit        Muxes := 15    
	 256 Input    6 Bit        Muxes := 1     
	   2 Input    1 Bit        Muxes := 1183  
	   5 Input    1 Bit        Muxes := 256   
	   3 Input    1 Bit        Muxes := 4     
---------------------------------------------------------------------------------
Finished RTL Component Statistics 
---------------------------------------------------------------------------------
---------------------------------------------------------------------------------
Start Part Resource Summary
---------------------------------------------------------------------------------
Part Resources:
DSPs: 728 (col length:96)
BRAMs: 256 (col length: RAMB18 96 RAMB36 48)
---------------------------------------------------------------------------------
Finished Part Resource Summary
---------------------------------------------------------------------------------
No constraint files found.

*** Running vivado
    with args -log histogram_equalizer_tb.vds -m64 -product Vivado -mode batch -messageDb vivado.pb -notrace -source histogram_equalizer_tb.tcl


****** Vivado v2020.2 (64-bit)
  **** SW Build 3064766 on Wed Nov 18 09:12:47 MST 2020
  **** IP Build 3064653 on Wed Nov 18 14:17:31 MST 2020
    ** Copyright 1986-2020 Xilinx, Inc. All Rights Reserved.

source histogram_equalizer_tb.tcl -notrace
Command: synth_design -top histogram_equalizer_tb -part xczu4ev-sfvc784-1-e
Starting synth_design
Attempting to get a license for feature 'Synthesis' and/or device 'xczu4ev'
INFO: [Common 17-349] Got license for feature 'Synthesis' and/or device 'xczu4ev'
INFO: [Synth 8-7079] Multithreading enabled for synth_design using a maximum of 4 processes.
INFO: [Synth 8-7078] Launching helper process for spawning children vivado processes
INFO: [Synth 8-7075] Helper process launched with PID 4530
---------------------------------------------------------------------------------
Starting Synthesize : Time (s): cpu = 00:00:03 ; elapsed = 00:00:03 . Memory (MB): peak = 2362.000 ; gain = 0.000 ; free physical = 977 ; free virtual = 5448
---------------------------------------------------------------------------------
INFO: [Synth 8-6157] synthesizing module 'histogram_equalizer_tb' [/home/burak/Desktop/histogram_equalizer/final_hist_eqaulizer/final_hist_eqaulizer.srcs/sources_1/new/histogram_equalizer_tb.v:3]
INFO: [Synth 8-3876] $readmem data file '/home/burak/Desktop/histogram_equalizer/final_hist_eqaulizer/example.txt' is read successfully [/home/burak/Desktop/histogram_equalizer/final_hist_eqaulizer/final_hist_eqaulizer.srcs/sources_1/new/histogram_equalizer_tb.v:48]
WARNING: [Synth 8-639] system function call 'fopen' not supported [/home/burak/Desktop/histogram_equalizer/final_hist_eqaulizer/final_hist_eqaulizer.srcs/sources_1/new/histogram_equalizer_tb.v:49]
INFO: [Synth 8-6157] synthesizing module 'histogram_equalizer' [/home/burak/Desktop/histogram_equalizer/final_hist_eqaulizer/final_hist_eqaulizer.srcs/sources_1/new/histogram_equalizer.v:4]
	Parameter width bound to: 8 - type: integer 
	Parameter height bound to: 8 - type: integer 
	Parameter max_pixel_val bound to: 256 - type: integer 
INFO: [Synth 8-251] x x [/home/burak/Desktop/histogram_equalizer/final_hist_eqaulizer/final_hist_eqaulizer.srcs/sources_1/new/histogram_equalizer.v:138]
Reason is one or more of the following :
	1: RAM has multiple writes via different ports in same process. If RAM inferencing intended, write to one port per process. 
	2: Unable to determine number of words or word size in RAM. 
	3: No valid read/write found for RAM. 
RAM "gray_level_reg" dissolved into registers
INFO: [Synth 8-6155] done synthesizing module 'histogram_equalizer' (1#1) [/home/burak/Desktop/histogram_equalizer/final_hist_eqaulizer/final_hist_eqaulizer.srcs/sources_1/new/histogram_equalizer.v:4]
WARNING: [Synth 8-85] always block has no event control specified [/home/burak/Desktop/histogram_equalizer/final_hist_eqaulizer/final_hist_eqaulizer.srcs/sources_1/new/histogram_equalizer_tb.v:52]
WARNING: [Synth 8-639] system function call 'time' not supported [/home/burak/Desktop/histogram_equalizer/final_hist_eqaulizer/final_hist_eqaulizer.srcs/sources_1/new/histogram_equalizer_tb.v:85]
INFO: [Synth 8-251] Time=1'b0 ; OUT=x  [/home/burak/Desktop/histogram_equalizer/final_hist_eqaulizer/final_hist_eqaulizer.srcs/sources_1/new/histogram_equalizer_tb.v:85]
INFO: [Synth 8-6155] done synthesizing module 'histogram_equalizer_tb' (2#1) [/home/burak/Desktop/histogram_equalizer/final_hist_eqaulizer/final_hist_eqaulizer.srcs/sources_1/new/histogram_equalizer_tb.v:3]
---------------------------------------------------------------------------------
Finished Synthesize : Time (s): cpu = 00:00:05 ; elapsed = 00:00:06 . Memory (MB): peak = 2362.000 ; gain = 0.000 ; free physical = 1640 ; free virtual = 6121
---------------------------------------------------------------------------------
---------------------------------------------------------------------------------
Finished Constraint Validation : Time (s): cpu = 00:00:06 ; elapsed = 00:00:07 . Memory (MB): peak = 2362.000 ; gain = 0.000 ; free physical = 1661 ; free virtual = 6142
---------------------------------------------------------------------------------
---------------------------------------------------------------------------------
Start Loading Part and Timing Information
---------------------------------------------------------------------------------
Loading part: xczu4ev-sfvc784-1-e
INFO: [Synth 8-6742] Reading net delay rules and data
INFO: [Device 21-403] Loading part xczu4ev-sfvc784-1-e
---------------------------------------------------------------------------------
Finished Loading Part and Timing Information : Time (s): cpu = 00:00:06 ; elapsed = 00:00:07 . Memory (MB): peak = 2369.926 ; gain = 7.926 ; free physical = 1660 ; free virtual = 6141
---------------------------------------------------------------------------------
---------------------------------------------------------------------------------
Finished RTL Optimization Phase 2 : Time (s): cpu = 00:00:18 ; elapsed = 00:00:16 . Memory (MB): peak = 2902.949 ; gain = 540.949 ; free physical = 942 ; free virtual = 5553
---------------------------------------------------------------------------------
No constraint files found.
---------------------------------------------------------------------------------
Start RTL Component Statistics 
---------------------------------------------------------------------------------
Detailed RTL Component Info : 
+---Adders : 
	   2 Input   32 Bit       Adders := 3     
	   3 Input   32 Bit       Adders := 2     
	   2 Input    8 Bit       Adders := 1     
	   2 Input    7 Bit       Adders := 1     
	   2 Input    6 Bit       Adders := 10    
+---Registers : 
	               32 Bit    Registers := 1     
	                8 Bit    Registers := 3     
	                6 Bit    Registers := 257   
	                1 Bit    Registers := 4     
+---Multipliers : 
	               8x32  Multipliers := 2     
+---Muxes : 
	   2 Input   32 Bit        Muxes := 2     
	   2 Input    8 Bit        Muxes := 31    
	   2 Input    7 Bit        Muxes := 3     
	   2 Input    6 Bit        Muxes := 15    
	 256 Input    6 Bit        Muxes := 1     
	   2 Input    1 Bit        Muxes := 1183  
	   5 Input    1 Bit        Muxes := 256   
	   3 Input    1 Bit        Muxes := 4     
---------------------------------------------------------------------------------
Finished RTL Component Statistics 
---------------------------------------------------------------------------------
---------------------------------------------------------------------------------
Start Part Resource Summary
---------------------------------------------------------------------------------
Part Resources:
DSPs: 728 (col length:96)
BRAMs: 256 (col length: RAMB18 96 RAMB36 48)
---------------------------------------------------------------------------------
Finished Part Resource Summary
---------------------------------------------------------------------------------
No constraint files found.
---------------------------------------------------------------------------------
Start Cross Boundary and Area Optimization
---------------------------------------------------------------------------------
