xilinx rtfpga
INFO: [Synth 8-3333] propagating constant 0 across sequential element (finish_reg__0)
CRITICAL WARNING: [Synth 8-6859] multi-driven net on pin Q with 1st driver pin 'y_counter_reg[7]__4/Q' [/home/burak/Desktop/histogram_equalizer/final_hist_eqaulizer/final_hist_eqaulizer.srcs/sources_1/new/histogram_equalizer.v:46]
CRITICAL WARNING: [Synth 8-6859] multi-driven net on pin Q with 2nd driver pin 'GND' [/home/burak/Desktop/histogram_equalizer/final_hist_eqaulizer/final_hist_eqaulizer.srcs/sources_1/new/histogram_equalizer.v:46]
CRITICAL WARNING: [Synth 8-6858] multi-driven net Q is connected to at least one constant driver which has been preserved, other driver is ignored [/home/burak/Desktop/histogram_equalizer/final_hist_eqaulizer/final_hist_eqaulizer.srcs/sources_1/new/histogram_equalizer.v:46]
CRITICAL WARNING: [Synth 8-6859] multi-driven net on pin Q with 1st driver pin 'y_counter_reg[6]__4/Q' [/home/burak/Desktop/histogram_equalizer/final_hist_eqaulizer/final_hist_eqaulizer.srcs/sources_1/new/histogram_equalizer.v:46]
CRITICAL WARNING: [Synth 8-6859] multi-driven net on pin Q with 2nd driver pin 'GND' [/home/burak/Desktop/histogram_equalizer/final_hist_eqaulizer/final_hist_eqaulizer.srcs/sources_1/new/histogram_equalizer.v:46]
CRITICAL WARNING: [Synth 8-6858] multi-driven net Q is connected to at least one constant driver which has been preserved, other driver is ignored [/home/burak/Desktop/histogram_equalizer/final_hist_eqaulizer/final_hist_eqaulizer.srcs/sources_1/new/histogram_equalizer.v:46]
CRITICAL WARNING: [Synth 8-6859] multi-driven net on pin Q with 1st driver pin 'y_counter_reg[5]__4/Q' [/home/burak/Desktop/histogram_equalizer/final_hist_eqaulizer/final_hist_eqaulizer.srcs/sources_1/new/histogram_equalizer.v:46]
CRITICAL WARNING: [Synth 8-6859] multi-driven net on pin Q with 2nd driver pin 'GND' [/home/burak/Desktop/histogram_equalizer/final_hist_eqaulizer/final_hist_eqaulizer.srcs/sources_1/new/histogram_equalizer.v:46]
CRITICAL WARNING: [Synth 8-6858] multi-driven net Q is connected to at least one constant driver which has been preserved, other driver is ignored [/home/burak/Desktop/histogram_equalizer/final_hist_eqaulizer/final_hist_eqaulizer.srcs/sources_1/new/histogram_equalizer.v:46]
CRITICAL WARNING: [Synth 8-6859] multi-driven net on pin Q with 1st driver pin 'y_counter_reg[4]__4/Q' [/home/burak/Desktop/histogram_equalizer/final_hist_eqaulizer/final_hist_eqaulizer.srcs/sources_1/new/histogram_equalizer.v:46]
CRITICAL WARNING: [Synth 8-6859] multi-driven net on pin Q with 2nd driver pin 'GND' [/home/burak/Desktop/histogram_equalizer/final_hist_eqaulizer/final_hist_eqaulizer.srcs/sources_1/new/histogram_equalizer.v:46]
CRITICAL WARNING: [Synth 8-6858] multi-driven net Q is connected to at least one constant driver which has been preserved, other driver is ignored [/home/burak/Desktop/histogram_equalizer/final_hist_eqaulizer/final_hist_eqaulizer.srcs/sources_1/new/histogram_equalizer.v:46]
CRITICAL WARNING: [Synth 8-6859] multi-driven net on pin Q with 1st driver pin 'y_counter_reg[3]__4/Q' [/home/burak/Desktop/histogram_equalizer/final_hist_eqaulizer/final_hist_eqaulizer.srcs/sources_1/new/histogram_equalizer.v:46]
CRITICAL WARNING: [Synth 8-6859] multi-driven net on pin Q with 2nd driver pin 'GND' [/home/burak/Desktop/histogram_equalizer/final_hist_eqaulizer/final_hist_eqaulizer.srcs/sources_1/new/histogram_equalizer.v:46]
CRITICAL WARNING: [Synth 8-6858] multi-driven net Q is connected to at least one constant driver which has been preserved, other driver is ignored [/home/burak/Desktop/histogram_equalizer/final_hist_eqaulizer/final_hist_eqaulizer.srcs/sources_1/new/histogram_equalizer.v:46]
CRITICAL WARNING: [Synth 8-6859] multi-driven net on pin Q with 1st driver pin 'y_counter_reg[2]__4/Q' [/home/burak/Desktop/histogram_equalizer/final_hist_eqaulizer/final_hist_eqaulizer.srcs/sources_1/new/histogram_equalizer.v:46]
CRITICAL WARNING: [Synth 8-6859] multi-driven net on pin Q with 2nd driver pin 'GND' [/home/burak/Desktop/histogram_equalizer/final_hist_eqaulizer/final_hist_eqaulizer.srcs/sources_1/new/histogram_equalizer.v:46]
CRITICAL WARNING: [Synth 8-6858] multi-driven net Q is connected to at least one constant driver which has been preserved, other driver is ignored [/home/burak/Desktop/histogram_equalizer/final_hist_eqaulizer/final_hist_eqaulizer.srcs/sources_1/new/histogram_equalizer.v:46]
CRITICAL WARNING: [Synth 8-6859] multi-driven net on pin Q with 1st driver pin 'y_counter_reg[1]__4/Q' [/home/burak/Desktop/histogram_equalizer/final_hist_eqaulizer/final_hist_eqaulizer.srcs/sources_1/new/histogram_equalizer.v:46]
CRITICAL WARNING: [Synth 8-6859] multi-driven net on pin Q with 2nd driver pin 'GND' [/home/burak/Desktop/histogram_equalizer/final_hist_eqaulizer/final_hist_eqaulizer.srcs/sources_1/new/histogram_equalizer.v:46]
CRITICAL WARNING: [Synth 8-6858] multi-driven net Q is connected to at least one constant driver which has been preserved, other driver is ignored [/home/burak/Desktop/histogram_equalizer/final_hist_eqaulizer/final_hist_eqaulizer.srcs/sources_1/new/histogram_equalizer.v:46]
CRITICAL WARNING: [Synth 8-6859] multi-driven net on pin Q with 1st driver pin 'y_counter_reg[0]__4/Q' [/home/burak/Desktop/histogram_equalizer/final_hist_eqaulizer/final_hist_eqaulizer.srcs/sources_1/new/histogram_equalizer.v:46]
CRITICAL WARNING: [Synth 8-6859] multi-driven net on pin Q with 2nd driver pin 'GND' [/home/burak/Desktop/histogram_equalizer/final_hist_eqaulizer/final_hist_eqaulizer.srcs/sources_1/new/histogram_equalizer.v:46]
CRITICAL WARNING: [Synth 8-6858] multi-driven net Q is connected to at least one constant driver which has been preserved, other driver is ignored [/home/burak/Desktop/histogram_equalizer/final_hist_eqaulizer/final_hist_eqaulizer.srcs/sources_1/new/histogram_equalizer.v:46]
CRITICAL WARNING: [Synth 8-6859] multi-driven net on pin Q with 1st driver pin 'x_counter_reg[1]__1/Q' [/home/burak/Desktop/histogram_equalizer/final_hist_eqaulizer/final_hist_eqaulizer.srcs/sources_1/new/histogram_equalizer.v:46]
CRITICAL WARNING: [Synth 8-6859] multi-driven net on pin Q with 2nd driver pin 'GND' [/home/burak/Desktop/histogram_equalizer/final_hist_eqaulizer/final_hist_eqaulizer.srcs/sources_1/new/histogram_equalizer.v:46]
CRITICAL WARNING: [Synth 8-6858] multi-driven net Q is connected to at least one constant driver which has been preserved, other driver is ignored [/home/burak/Desktop/histogram_equalizer/final_hist_eqaulizer/final_hist_eqaulizer.srcs/sources_1/new/histogram_equalizer.v:46]
CRITICAL WARNING: [Synth 8-6859] multi-driven net on pin Q with 1st driver pin 'x_counter_reg[0]__0/Q' [/home/burak/Desktop/histogram_equalizer/final_hist_eqaulizer/final_hist_eqaulizer.srcs/sources_1/new/histogram_equalizer.v:136]
CRITICAL WARNING: [Synth 8-6859] multi-driven net on pin Q with 2nd driver pin 'GND' [/home/burak/Desktop/histogram_equalizer/final_hist_eqaulizer/final_hist_eqaulizer.srcs/sources_1/new/histogram_equalizer.v:136]
CRITICAL WARNING: [Synth 8-6858] multi-driven net Q is connected to at least one constant driver which has been preserved, other driver is ignored [/home/burak/Desktop/histogram_equalizer/final_hist_eqaulizer/final_hist_eqaulizer.srcs/sources_1/new/histogram_equalizer.v:136]
CRITICAL WARNING: [Synth 8-6859] multi-driven net on pin Q with 1st driver pin 'x_counter_reg[5]/Q' [/home/burak/Desktop/histogram_equalizer/final_hist_eqaulizer/final_hist_eqaulizer.srcs/sources_1/new/histogram_equalizer.v:164]
CRITICAL WARNING: [Synth 8-6859] multi-driven net on pin Q with 2nd driver pin 'GND' [/home/burak/Desktop/histogram_equalizer/final_hist_eqaulizer/final_hist_eqaulizer.srcs/sources_1/new/histogram_equalizer.v:164]
CRITICAL WARNING: [Synth 8-6858] multi-driven net Q is connected to at least one constant driver which has been preserved, other driver is ignored [/home/burak/Desktop/histogram_equalizer/final_hist_eqaulizer/final_hist_eqaulizer.srcs/sources_1/new/histogram_equalizer.v:164]
CRITICAL WARNING: [Synth 8-6859] multi-driven net on pin Q with 1st driver pin 'x_counter_reg[4]/Q' [/home/burak/Desktop/histogram_equalizer/final_hist_eqaulizer/final_hist_eqaulizer.srcs/sources_1/new/histogram_equalizer.v:164]
CRITICAL WARNING: [Synth 8-6859] multi-driven net on pin Q with 2nd driver pin 'GND' [/home/burak/Desktop/histogram_equalizer/final_hist_eqaulizer/final_hist_eqaulizer.srcs/sources_1/new/histogram_equalizer.v:164]
CRITICAL WARNING: [Synth 8-6858] multi-driven net Q is connected to at least one constant driver which has been preserved, other driver is ignored [/home/burak/Desktop/histogram_equalizer/final_hist_eqaulizer/final_hist_eqaulizer.srcs/sources_1/new/histogram_equalizer.v:164]
CRITICAL WARNING: [Synth 8-6859] multi-driven net on pin Q with 1st driver pin 'x_counter_reg[3]/Q' [/home/burak/Desktop/histogram_equalizer/final_hist_eqaulizer/final_hist_eqaulizer.srcs/sources_1/new/histogram_equalizer.v:164]
CRITICAL WARNING: [Synth 8-6859] multi-driven net on pin Q with 2nd driver pin 'GND' [/home/burak/Desktop/histogram_equalizer/final_hist_eqaulizer/final_hist_eqaulizer.srcs/sources_1/new/histogram_equalizer.v:164]
CRITICAL WARNING: [Synth 8-6858] multi-driven net Q is connected to at least one constant driver which has been preserved, other driver is ignored [/home/burak/Desktop/histogram_equalizer/final_hist_eqaulizer/final_hist_eqaulizer.srcs/sources_1/new/histogram_equalizer.v:164]
CRITICAL WARNING: [Synth 8-6859] multi-driven net on pin Q with 1st driver pin 'x_counter_reg[2]/Q' [/home/burak/Desktop/histogram_equalizer/final_hist_eqaulizer/final_hist_eqaulizer.srcs/sources_1/new/histogram_equalizer.v:164]
CRITICAL WARNING: [Synth 8-6859] multi-driven net on pin Q with 2nd driver pin 'GND' [/home/burak/Desktop/histogram_equalizer/final_hist_eqaulizer/final_hist_eqaulizer.srcs/sources_1/new/histogram_equalizer.v:164]
CRITICAL WARNING: [Synth 8-6858] multi-driven net Q is connected to at least one constant driver which has been preserved, other driver is ignored [/home/burak/Desktop/histogram_equalizer/final_hist_eqaulizer/final_hist_eqaulizer.srcs/sources_1/new/histogram_equalizer.v:164]
