#
# An unexpected error has occurred (11)
#
Stack:
/media/burak/XilinxSSD/Vivado/2020.2/tps/lnx64/jre11.0.2/lib//server/libjvm.so(+0xc04c3b) [0x7fbdf39c9c3b]
/media/burak/XilinxSSD/Vivado/2020.2/tps/lnx64/jre11.0.2/lib//server/libjvm.so(JVM_handle_linux_signal+0x14e) [0x7fbdf39ce8de]
/media/burak/XilinxSSD/Vivado/2020.2/tps/lnx64/jre11.0.2/lib//server/libjvm.so(+0xbfd538) [0x7fbdf39c2538]
/lib/x86_64-linux-gnu/libc.so.6(+0x46210) [0x7fbe49797210]
/media/burak/XilinxSSD/Vivado/2020.2/lib/lnx64.o/librdi_simbridge_kernel.so(SimBridge::CArray::empty() const+0) [0x7fbdfa542a00]
/media/burak/XilinxSSD/Vivado/2020.2/lib/lnx64.o/librdi_simbridge_kernel.so(SimBridge::WdbEventBlock::addBlock(SimBridge::WdbIBlockManager&, unsigned int&) const+0x1c) [0x7fbdfa5430dc]
/media/burak/XilinxSSD/Vivado/2020.2/lib/lnx64.o/librdi_simbridge_kernel.so(SimBridge::WdbMultipleBucketEventDatabase::getEventBlockDatabaseIterator(std::vector<SimBridge::WdbScalarBTree*, std::allocator<SimBridge::WdbScalarBTree*> > const&, std::vector<boost::shared_ptr<SimBridge::WdbIEventBlockIterator>, std::allocator<boost::shared_ptr<SimBridge::WdbIEventBlockIterator> > >&, std::vector<std::vector<SimBridge::WdbScalarBTree*, std::allocator<SimBridge::WdbScalarBTree*> >, std::allocator<std::vector<SimBridge::WdbScalarBTree*, std::allocator<SimBridge::WdbScalarBTree*> > > >&) const+0x691) [0x7fbdfa55d071]
/media/burak/XilinxSSD/Vivado/2020.2/lib/lnx64.o/librdi_simbridge_kernel.so(SimBridge::WdbAddressBTreeManager::scanWdbDatabaseMultiThread(std::vector<SimBridge::WdbScalarBTree*, std::allocator<SimBridge::WdbScalarBTree*> > const&, ISIM::IGuiStatus*)+0xf0) [0x7fbdfa539ee0]
/media/burak/XilinxSSD/Vivado/2020.2/lib/lnx64.o/librdi_wavedata.so(SimBridge::DataObjMgr::createDrawingBTree(std::vector<SimBridge::IDataObj const*, std::allocator<SimBridge::IDataObj const*> > const&, ISIM::IGuiStatus*, bool)+0x32a) [0x7fbe058c358a]
/media/burak/XilinxSSD/Vivado/2020.2/lib/lnx64.o/librdi_wavedata.so(+0x2df6b2) [0x7fbe059826b2]
/media/burak/XilinxSSD/Vivado/2020.2/lib/lnx64.o/librdi_wavedata.so(+0x2df95c) [0x7fbe0598295c]
/media/burak/XilinxSSD/Vivado/2020.2/lib/lnx64.o/librdi_wavedata.so(SG_Model::ModelImp::updateData(SG_Model::WVDataObject*, bool)+0x30f) [0x7fbe0597c90f]
/media/burak/XilinxSSD/Vivado/2020.2/lib/lnx64.o/librdi_wavedata.so(SG_Model::ModelImp::updateData(SG_Model::WVDataObject*, bool)+0x18f) [0x7fbe0597c78f]
/media/burak/XilinxSSD/Vivado/2020.2/lib/lnx64.o/librdi_wavedata.so(SG_Model::ModelImp::updateData()+0x96b) [0x7fbe0597d5fb]
/media/burak/XilinxSSD/Vivado/2020.2/lib/lnx64.o/librdi_wavedata.so(SG_Model::Model::read(std::__cxx11::basic_string<char, std::char_traits<char>, std::allocator<char> > const&, SG_Model::IReporter&, ISIM::IGuiStatus*)+0x20d) [0x7fbe0597ed8d]
/media/burak/XilinxSSD/Vivado/2020.2/lib/lnx64.o/librdi_wavedata.so(WVDAppInterface::WVDWindowManager::openWcfg(std::__cxx11::basic_string<char, std::char_traits<char>, std::allocator<char> > const&, SG_Model::IDesignManager::ConnectMode, ISIM::IGuiStatus*)+0x143) [0x7fbe05846e03]
/media/burak/XilinxSSD/Vivado/2020.2/lib/lnx64.o/librdi_wavedatatasks.so(+0xa2ad3) [0x7fbdb66a2ad3]
/media/burak/XilinxSSD/Vivado/2020.2/lib/lnx64.o/librdi_common.so(+0x9cfb1d) [0x7fbe4aad0b1d]
/media/burak/XilinxSSD/Vivado/2020.2/lib/lnx64.o/libtcl8.5.so(+0x3356f) [0x7fbe44e7a56f]
/media/burak/XilinxSSD/Vivado/2020.2/lib/lnx64.o/libtcl8.5.so(Tcl_EvalObjv+0x32) [0x7fbe44e7a6a2]
/media/burak/XilinxSSD/Vivado/2020.2/lib/lnx64.o/libtcl8.5.so(TclEvalObjEx+0x322) [0x7fbe44e7c4c2]
/media/burak/XilinxSSD/Vivado/2020.2/lib/lnx64.o/librdi_common.so(hdi::tcltasks::task_manager::eval_in_tcl(Tcl_Interp*, Tcl_Obj*, char const*, bool)+0xb59) [0x7fbe4aad2929]
/media/burak/XilinxSSD/Vivado/2020.2/lib/lnx64.o/librdi_simtcltasks.so(+0x13b056) [0x7fbdb6b01056]
/media/burak/XilinxSSD/Vivado/2020.2/lib/lnx64.o/librdi_common.so(+0x9cfb1d) [0x7fbe4aad0b1d]
/media/burak/XilinxSSD/Vivado/2020.2/lib/lnx64.o/libtcl8.5.so(+0x3356f) [0x7fbe44e7a56f]
/media/burak/XilinxSSD/Vivado/2020.2/lib/lnx64.o/libtcl8.5.so(+0x34bf8) [0x7fbe44e7bbf8]
/media/burak/XilinxSSD/Vivado/2020.2/lib/lnx64.o/libtcl8.5.so(Tcl_EvalEx+0x13) [0x7fbe44e7c163]
/media/burak/XilinxSSD/Vivado/2020.2/lib/lnx64.o/libtcl8.5.so(TclEvalObjEx+0x1e0) [0x7fbe44e7c380]
/media/burak/XilinxSSD/Vivado/2020.2/lib/lnx64.o/libtcl8.5.so(+0x3b445) [0x7fbe44e82445]
/media/burak/XilinxSSD/Vivado/2020.2/lib/lnx64.o/libtcl8.5.so(+0x3356f) [0x7fbe44e7a56f]
/media/burak/XilinxSSD/Vivado/2020.2/lib/lnx64.o/libtcl8.5.so(+0x76945) [0x7fbe44ebd945]
/media/burak/XilinxSSD/Vivado/2020.2/lib/lnx64.o/libtcl8.5.so(+0x7e0f9) [0x7fbe44ec50f9]
/media/burak/XilinxSSD/Vivado/2020.2/lib/lnx64.o/libtcl8.5.so(TclEvalObjEx+0x76) [0x7fbe44e7c216]
/media/burak/XilinxSSD/Vivado/2020.2/lib/lnx64.o/librdi_commontasks.so(+0x1dba74) [0x7fbe3d770a74]
/media/burak/XilinxSSD/Vivado/2020.2/lib/lnx64.o/libtcl8.5.so(+0x3356f) [0x7fbe44e7a56f]
/media/burak/XilinxSSD/Vivado/2020.2/lib/lnx64.o/libtcl8.5.so(+0x76945) [0x7fbe44ebd945]
/media/burak/XilinxSSD/Vivado/2020.2/lib/lnx64.o/libtcl8.5.so(TclObjInterpProcCore+0x420) [0x7fbe44efeed0]
/media/burak/XilinxSSD/Vivado/2020.2/lib/lnx64.o/libtcl8.5.so(+0x3356f) [0x7fbe44e7a56f]
/media/burak/XilinxSSD/Vivado/2020.2/lib/lnx64.o/libtcl8.5.so(Tcl_EvalObjv+0x32) [0x7fbe44e7a6a2]
/media/burak/XilinxSSD/Vivado/2020.2/lib/lnx64.o/libtcl8.5.so(TclEvalObjEx+0x322) [0x7fbe44e7c4c2]
/media/burak/XilinxSSD/Vivado/2020.2/lib/lnx64.o/librdi_tcltasks.so(SimUtils::detail::execStep(Tcl_Interp*, std::__cxx11::basic_ostringstream<char, std::char_traits<char>, std::allocator<char> >&, std::__cxx11::basic_string<char, std::char_traits<char>, std::allocator<char> > const&, std::__cxx11::basic_string<char, std::char_traits<char>, std::allocator<char> > const&, std::__cxx11::basic_string<char, std::char_traits<char>, std::allocator<char> >&, bool&)+0x1ee) [0x7fbe3b4a61fe]
/media/burak/XilinxSSD/Vivado/2020.2/lib/lnx64.o/librdi_tcltasks.so(SimUtils::detail::execSimStep(Tcl_Interp*, std::__cxx11::basic_ostringstream<char, std::char_traits<char>, std::allocator<char> >&, HAPUFSimulator*, HAPUFSimulator::TclProc, std::__cxx11::basic_string<char, std::char_traits<char>, std::allocator<char> > const&, bool, HADAFileSet*, std::__cxx11::basic_string<char, std::char_traits<char>, std::allocator<char> > const&, HAPUFSimulator::SimulationStep, bool, HDGUIStatus*)+0x75) [0x7fbe3b4a6435]
/media/burak/XilinxSSD/Vivado/2020.2/lib/lnx64.o/librdi_tcltasks.so(HTCSimUtils::executeStep(Tcl_Interp*, HADAFileSet*, HADAFileSet*, HAPUFSimulator*, HDGUIStatus*, std::__cxx11::basic_string<char, std::char_traits<char>, std::allocator<char> > const&, std::__cxx11::basic_string<char, std::char_traits<char>, std::allocator<char> > const&, std::__cxx11::basic_string<char, std::char_traits<char>, std::allocator<char> > const&, bool, bool, bool, std::__cxx11::basic_ostringstream<char, std::char_traits<char>, std::allocator<char> >&)+0x4b7) [0x7fbe3b4a6a97]
/media/burak/XilinxSSD/Vivado/2020.2/lib/lnx64.o/librdi_tcltasks.so(+0x1927eec) [0x7fbe3b44ceec]
/media/burak/XilinxSSD/Vivado/2020.2/lib/lnx64.o/librdi_common.so(+0x9cfb1d) [0x7fbe4aad0b1d]
/media/burak/XilinxSSD/Vivado/2020.2/lib/lnx64.o/libtcl8.5.so(+0x3356f) [0x7fbe44e7a56f]
/media/burak/XilinxSSD/Vivado/2020.2/lib/lnx64.o/libtcl8.5.so(+0x76945) [0x7fbe44ebd945]
/media/burak/XilinxSSD/Vivado/2020.2/lib/lnx64.o/libtcl8.5.so(+0x7e0f9) [0x7fbe44ec50f9]
/media/burak/XilinxSSD/Vivado/2020.2/lib/lnx64.o/libtcl8.5.so(TclEvalObjEx+0x76) [0x7fbe44e7c216]
/media/burak/XilinxSSD/Vivado/2020.2/lib/lnx64.o/librdi_common.so(+0x9ce041) [0x7fbe4aacf041]
/media/burak/XilinxSSD/Vivado/2020.2/lib/lnx64.o/libtcl8.5.so(Tcl_ServiceEvent+0x7f) [0x7fbe44eeebef]
/media/burak/XilinxSSD/Vivado/2020.2/lib/lnx64.o/libtcl8.5.so(Tcl_DoOneEvent+0x154) [0x7fbe44eeef24]
/media/burak/XilinxSSD/Vivado/2020.2/lib/lnx64.o/librdi_commontasks.so(+0x23caa5) [0x7fbe3d7d1aa5]
/media/burak/XilinxSSD/Vivado/2020.2/lib/lnx64.o/librdi_commontasks.so(+0x23fbb5) [0x7fbe3d7d4bb5]
/media/burak/XilinxSSD/Vivado/2020.2/lib/lnx64.o/librdi_commontasks.so(+0x240bde) [0x7fbe3d7d5bde]
/media/burak/XilinxSSD/Vivado/2020.2/lib/lnx64.o/librdi_common.so(+0x9cfb1d) [0x7fbe4aad0b1d]
/media/burak/XilinxSSD/Vivado/2020.2/lib/lnx64.o/libtcl8.5.so(+0x3356f) [0x7fbe44e7a56f]
/media/burak/XilinxSSD/Vivado/2020.2/lib/lnx64.o/libtcl8.5.so(+0x76945) [0x7fbe44ebd945]
/media/burak/XilinxSSD/Vivado/2020.2/lib/lnx64.o/libtcl8.5.so(+0x7e0f9) [0x7fbe44ec50f9]
/media/burak/XilinxSSD/Vivado/2020.2/lib/lnx64.o/libtcl8.5.so(TclEvalObjEx+0x76) [0x7fbe44e7c216]
/media/burak/XilinxSSD/Vivado/2020.2/lib/lnx64.o/librdi_commonmain.so(+0xad53) [0x7fbe49ef9d53]
/media/burak/XilinxSSD/Vivado/2020.2/lib/lnx64.o/libtcl8.5.so(Tcl_Main+0x1d0) [0x7fbe44ee72f0]
/media/burak/XilinxSSD/Vivado/2020.2/lib/lnx64.o/librdi_common.so(+0xa1442b) [0x7fbe4ab1542b]
/lib/x86_64-linux-gnu/libpthread.so.0(+0x9609) [0x7fbe49737609]
/lib/x86_64-linux-gnu/libc.so.6(clone+0x43) [0x7fbe49873293]
