#
# An unexpected error has occurred (11)
#
Stack:
/media/burak/XilinxSSD/Vivado/2020.2/tps/lnx64/jre11.0.2/lib//server/libjvm.so(+0xc04c3b) [0x7fc29cc1ec3b]
/media/burak/XilinxSSD/Vivado/2020.2/tps/lnx64/jre11.0.2/lib//server/libjvm.so(JVM_handle_linux_signal+0x14e) [0x7fc29cc238de]
/media/burak/XilinxSSD/Vivado/2020.2/tps/lnx64/jre11.0.2/lib//server/libjvm.so(+0xbfd538) [0x7fc29cc17538]
/lib/x86_64-linux-gnu/libc.so.6(+0x46210) [0x7fc2f29ec210]
/media/burak/XilinxSSD/Vivado/2020.2/lib/lnx64.o/librdi_simbridge_kernel.so(SimBridge::CArray::empty() const+0) [0x7fc2a3797a00]
/media/burak/XilinxSSD/Vivado/2020.2/lib/lnx64.o/librdi_simbridge_kernel.so(SimBridge::WdbEventBlock::addBlock(SimBridge::WdbIBlockManager&, unsigned int&) const+0x1c) [0x7fc2a37980dc]
/media/burak/XilinxSSD/Vivado/2020.2/lib/lnx64.o/librdi_simbridge_kernel.so(SimBridge::WdbMultipleBucketEventDatabase::getEventBlockDatabaseIterator(std::vector<SimBridge::WdbScalarBTree*, std::allocator<SimBridge::WdbScalarBTree*> > const&, std::vector<boost::shared_ptr<SimBridge::WdbIEventBlockIterator>, std::allocator<boost::shared_ptr<SimBridge::WdbIEventBlockIterator> > >&, std::vector<std::vector<SimBridge::WdbScalarBTree*, std::allocator<SimBridge::WdbScalarBTree*> >, std::allocator<std::vector<SimBridge::WdbScalarBTree*, std::allocator<SimBridge::WdbScalarBTree*> > > >&) const+0x691) [0x7fc2a37b2071]
/media/burak/XilinxSSD/Vivado/2020.2/lib/lnx64.o/librdi_simbridge_kernel.so(SimBridge::WdbAddressBTreeManager::scanWdbDatabaseMultiThread(std::vector<SimBridge::WdbScalarBTree*, std::allocator<SimBridge::WdbScalarBTree*> > const&, ISIM::IGuiStatus*)+0xf0) [0x7fc2a378eee0]
/media/burak/XilinxSSD/Vivado/2020.2/lib/lnx64.o/librdi_wavedata.so(SimBridge::DataObjMgr::createDrawingBTree(std::vector<SimBridge::IDataObj const*, std::allocator<SimBridge::IDataObj const*> > const&, ISIM::IGuiStatus*, bool)+0x32a) [0x7fc2aeb1858a]
/media/burak/XilinxSSD/Vivado/2020.2/lib/lnx64.o/librdi_wavedata.so(+0x2df6b2) [0x7fc2aebd76b2]
/media/burak/XilinxSSD/Vivado/2020.2/lib/lnx64.o/librdi_wavedata.so(+0x2df95c) [0x7fc2aebd795c]
/media/burak/XilinxSSD/Vivado/2020.2/lib/lnx64.o/librdi_wavedata.so(SG_Model::ModelImp::updateData(SG_Model::WVDataObject*, bool)+0x30f) [0x7fc2aebd190f]
/media/burak/XilinxSSD/Vivado/2020.2/lib/lnx64.o/librdi_wavedata.so(SG_Model::ModelImp::updateData(SG_Model::WVDataObject*, bool)+0x18f) [0x7fc2aebd178f]
/media/burak/XilinxSSD/Vivado/2020.2/lib/lnx64.o/librdi_wavedata.so(SG_Model::ModelImp::updateData()+0x96b) [0x7fc2aebd25fb]
/media/burak/XilinxSSD/Vivado/2020.2/lib/lnx64.o/librdi_wavedata.so(SG_Model::Model::read(std::__cxx11::basic_string<char, std::char_traits<char>, std::allocator<char> > const&, SG_Model::IReporter&, ISIM::IGuiStatus*)+0x20d) [0x7fc2aebd3d8d]
/media/burak/XilinxSSD/Vivado/2020.2/lib/lnx64.o/librdi_wavedata.so(WVDAppInterface::WVDWindowManager::openWcfg(std::__cxx11::basic_string<char, std::char_traits<char>, std::allocator<char> > const&, SG_Model::IDesignManager::ConnectMode, ISIM::IGuiStatus*)+0x143) [0x7fc2aea9be03]
/media/burak/XilinxSSD/Vivado/2020.2/lib/lnx64.o/librdi_wavedatatasks.so(+0xa2ad3) [0x7fc25bd9cad3]
/media/burak/XilinxSSD/Vivado/2020.2/lib/lnx64.o/librdi_common.so(+0x9cfb1d) [0x7fc2f3d25b1d]
/media/burak/XilinxSSD/Vivado/2020.2/lib/lnx64.o/libtcl8.5.so(+0x3356f) [0x7fc2ee0cf56f]
/media/burak/XilinxSSD/Vivado/2020.2/lib/lnx64.o/libtcl8.5.so(Tcl_EvalObjv+0x32) [0x7fc2ee0cf6a2]
/media/burak/XilinxSSD/Vivado/2020.2/lib/lnx64.o/libtcl8.5.so(TclEvalObjEx+0x322) [0x7fc2ee0d14c2]
/media/burak/XilinxSSD/Vivado/2020.2/lib/lnx64.o/librdi_common.so(hdi::tcltasks::task_manager::eval_in_tcl(Tcl_Interp*, Tcl_Obj*, char const*, bool)+0xb59) [0x7fc2f3d27929]
/media/burak/XilinxSSD/Vivado/2020.2/lib/lnx64.o/librdi_simtcltasks.so(+0x13b056) [0x7fc25c1fb056]
/media/burak/XilinxSSD/Vivado/2020.2/lib/lnx64.o/librdi_common.so(+0x9cfb1d) [0x7fc2f3d25b1d]
/media/burak/XilinxSSD/Vivado/2020.2/lib/lnx64.o/libtcl8.5.so(+0x3356f) [0x7fc2ee0cf56f]
/media/burak/XilinxSSD/Vivado/2020.2/lib/lnx64.o/libtcl8.5.so(+0x34bf8) [0x7fc2ee0d0bf8]
/media/burak/XilinxSSD/Vivado/2020.2/lib/lnx64.o/libtcl8.5.so(Tcl_EvalEx+0x13) [0x7fc2ee0d1163]
/media/burak/XilinxSSD/Vivado/2020.2/lib/lnx64.o/libtcl8.5.so(TclEvalObjEx+0x1e0) [0x7fc2ee0d1380]
/media/burak/XilinxSSD/Vivado/2020.2/lib/lnx64.o/libtcl8.5.so(+0x3b445) [0x7fc2ee0d7445]
/media/burak/XilinxSSD/Vivado/2020.2/lib/lnx64.o/libtcl8.5.so(+0x3356f) [0x7fc2ee0cf56f]
/media/burak/XilinxSSD/Vivado/2020.2/lib/lnx64.o/libtcl8.5.so(+0x76945) [0x7fc2ee112945]
/media/burak/XilinxSSD/Vivado/2020.2/lib/lnx64.o/libtcl8.5.so(+0x7e0f9) [0x7fc2ee11a0f9]
/media/burak/XilinxSSD/Vivado/2020.2/lib/lnx64.o/libtcl8.5.so(TclEvalObjEx+0x76) [0x7fc2ee0d1216]
/media/burak/XilinxSSD/Vivado/2020.2/lib/lnx64.o/librdi_commontasks.so(+0x1dba74) [0x7fc2e69c5a74]
/media/burak/XilinxSSD/Vivado/2020.2/lib/lnx64.o/libtcl8.5.so(+0x3356f) [0x7fc2ee0cf56f]
/media/burak/XilinxSSD/Vivado/2020.2/lib/lnx64.o/libtcl8.5.so(+0x76945) [0x7fc2ee112945]
/media/burak/XilinxSSD/Vivado/2020.2/lib/lnx64.o/libtcl8.5.so(TclObjInterpProcCore+0x420) [0x7fc2ee153ed0]
/media/burak/XilinxSSD/Vivado/2020.2/lib/lnx64.o/libtcl8.5.so(+0x3356f) [0x7fc2ee0cf56f]
/media/burak/XilinxSSD/Vivado/2020.2/lib/lnx64.o/libtcl8.5.so(Tcl_EvalObjv+0x32) [0x7fc2ee0cf6a2]
/media/burak/XilinxSSD/Vivado/2020.2/lib/lnx64.o/libtcl8.5.so(TclEvalObjEx+0x322) [0x7fc2ee0d14c2]
/media/burak/XilinxSSD/Vivado/2020.2/lib/lnx64.o/librdi_tcltasks.so(SimUtils::detail::execStep(Tcl_Interp*, std::__cxx11::basic_ostringstream<char, std::char_traits<char>, std::allocator<char> >&, std::__cxx11::basic_string<char, std::char_traits<char>, std::allocator<char> > const&, std::__cxx11::basic_string<char, std::char_traits<char>, std::allocator<char> > const&, std::__cxx11::basic_string<char, std::char_traits<char>, std::allocator<char> >&, bool&)+0x1ee) [0x7fc2e46fb1fe]
/media/burak/XilinxSSD/Vivado/2020.2/lib/lnx64.o/librdi_tcltasks.so(SimUtils::detail::execSimStep(Tcl_Interp*, std::__cxx11::basic_ostringstream<char, std::char_traits<char>, std::allocator<char> >&, HAPUFSimulator*, HAPUFSimulator::TclProc, std::__cxx11::basic_string<char, std::char_traits<char>, std::allocator<char> > const&, bool, HADAFileSet*, std::__cxx11::basic_string<char, std::char_traits<char>, std::allocator<char> > const&, HAPUFSimulator::SimulationStep, bool, HDGUIStatus*)+0x75) [0x7fc2e46fb435]
/media/burak/XilinxSSD/Vivado/2020.2/lib/lnx64.o/librdi_tcltasks.so(HTCSimUtils::executeStep(Tcl_Interp*, HADAFileSet*, HADAFileSet*, HAPUFSimulator*, HDGUIStatus*, std::__cxx11::basic_string<char, std::char_traits<char>, std::allocator<char> > const&, std::__cxx11::basic_string<char, std::char_traits<char>, std::allocator<char> > const&, std::__cxx11::basic_string<char, std::char_traits<char>, std::allocator<char> > const&, bool, bool, bool, std::__cxx11::basic_ostringstream<char, std::char_traits<char>, std::allocator<char> >&)+0x4b7) [0x7fc2e46fba97]
/media/burak/XilinxSSD/Vivado/2020.2/lib/lnx64.o/librdi_tcltasks.so(+0x1927eec) [0x7fc2e46a1eec]
/media/burak/XilinxSSD/Vivado/2020.2/lib/lnx64.o/librdi_common.so(+0x9cfb1d) [0x7fc2f3d25b1d]
/media/burak/XilinxSSD/Vivado/2020.2/lib/lnx64.o/libtcl8.5.so(+0x3356f) [0x7fc2ee0cf56f]
/media/burak/XilinxSSD/Vivado/2020.2/lib/lnx64.o/libtcl8.5.so(+0x76945) [0x7fc2ee112945]
/media/burak/XilinxSSD/Vivado/2020.2/lib/lnx64.o/libtcl8.5.so(+0x7e0f9) [0x7fc2ee11a0f9]
/media/burak/XilinxSSD/Vivado/2020.2/lib/lnx64.o/libtcl8.5.so(TclEvalObjEx+0x76) [0x7fc2ee0d1216]
/media/burak/XilinxSSD/Vivado/2020.2/lib/lnx64.o/librdi_common.so(+0x9ce041) [0x7fc2f3d24041]
/media/burak/XilinxSSD/Vivado/2020.2/lib/lnx64.o/libtcl8.5.so(Tcl_ServiceEvent+0x7f) [0x7fc2ee143bef]
/media/burak/XilinxSSD/Vivado/2020.2/lib/lnx64.o/libtcl8.5.so(Tcl_DoOneEvent+0x154) [0x7fc2ee143f24]
/media/burak/XilinxSSD/Vivado/2020.2/lib/lnx64.o/librdi_commontasks.so(+0x23caa5) [0x7fc2e6a26aa5]
/media/burak/XilinxSSD/Vivado/2020.2/lib/lnx64.o/librdi_commontasks.so(+0x23fbb5) [0x7fc2e6a29bb5]
/media/burak/XilinxSSD/Vivado/2020.2/lib/lnx64.o/librdi_commontasks.so(+0x240bde) [0x7fc2e6a2abde]
/media/burak/XilinxSSD/Vivado/2020.2/lib/lnx64.o/librdi_common.so(+0x9cfb1d) [0x7fc2f3d25b1d]
/media/burak/XilinxSSD/Vivado/2020.2/lib/lnx64.o/libtcl8.5.so(+0x3356f) [0x7fc2ee0cf56f]
/media/burak/XilinxSSD/Vivado/2020.2/lib/lnx64.o/libtcl8.5.so(+0x76945) [0x7fc2ee112945]
/media/burak/XilinxSSD/Vivado/2020.2/lib/lnx64.o/libtcl8.5.so(+0x7e0f9) [0x7fc2ee11a0f9]
/media/burak/XilinxSSD/Vivado/2020.2/lib/lnx64.o/libtcl8.5.so(TclEvalObjEx+0x76) [0x7fc2ee0d1216]
/media/burak/XilinxSSD/Vivado/2020.2/lib/lnx64.o/librdi_commonmain.so(+0xad53) [0x7fc2f314ed53]
/media/burak/XilinxSSD/Vivado/2020.2/lib/lnx64.o/libtcl8.5.so(Tcl_Main+0x1d0) [0x7fc2ee13c2f0]
/media/burak/XilinxSSD/Vivado/2020.2/lib/lnx64.o/librdi_common.so(+0xa1442b) [0x7fc2f3d6a42b]
/lib/x86_64-linux-gnu/libpthread.so.0(+0x9609) [0x7fc2f298c609]
/lib/x86_64-linux-gnu/libc.so.6(clone+0x43) [0x7fc2f2ac8293]
